[2026-03-11 01:37:56] === 开始同步 botmem 仓库 ===
[2026-03-11 01:37:56]   Cloning into '.'...
[2026-03-11 01:37:58] 同步记忆文件 (MEMORY.md, memory/)...
[2026-03-11 01:37:58]   同步: MEMORY.md
[2026-03-11 01:37:59]   同步目录: memory
[2026-03-11 01:54:07] === 开始同步 botmem 仓库 ===
[2026-03-11 01:54:07]   Cloning into '.'...
[2026-03-11 01:54:10] 同步记忆文件 (MEMORY.md, memory/)...
[2026-03-11 01:54:10]   同步: MEMORY.md
[2026-03-11 01:54:10]   同步目录: memory
[2026-03-11 01:54:10] [DRY-RUN] 检测到以下更改将被提交:
[2026-03-11 01:54:10] === 同步完成 ===
[2026-03-11 01:54:30] === 开始同步 botmem 仓库 ===
[2026-03-11 01:54:30]   Cloning into '.'...
[2026-03-11 01:54:32] 同步记忆文件 (MEMORY.md, memory/)...
[2026-03-11 01:54:32]   同步: MEMORY.md
[2026-03-11 01:54:32]   同步目录: memory
[2026-03-11 01:54:33]   To https://github.com/songzuo/botmem.git
[2026-03-11 01:54:33]   6dabe6c..5900123  main -> main
[2026-03-11 01:54:33] ✅ 推送完成
[2026-03-11 01:54:34] === 同步完成 ===
[2026-03-11 02:30:31] === 开始同步 botmem 仓库 ===
[2026-03-11 02:30:31]   Cloning into '.'...
[2026-03-11 02:30:34] 同步记忆文件 (MEMORY.md, memory/)...
[2026-03-11 02:30:34]   同步: MEMORY.md
