2026-03-11 20:23:02 - === Health Check Started ===
2026-03-11 20:23:02 - Checking scheduled tasks...
2026-03-11 20:23:05 - Task 'OpenClaw-Memory-Upload': Ready
2026-03-11 20:23:05 - Checking 7zi.com...
2026-03-11 20:23:06 - 7zi.com: OK (Status 200)
2026-03-11 20:23:06 - Checking GitHub...
2026-03-11 20:23:07 - GitHub API: OK
2026-03-11 20:23:07 - Checking memory files...
2026-03-11 20:23:07 - Memory files count: 2
2026-03-11 20:23:07 - Today's log: 28 lines
2026-03-11 20:23:07 - === Health Check Complete ===
2026-03-11 22:00:01 - === Health Check Started ===
2026-03-11 22:00:02 - Checking scheduled tasks...
2026-03-11 22:00:04 - Task 'OpenClaw-Memory-Upload': Ready
2026-03-11 22:00:04 - Checking 7zi.com...
2026-03-11 22:00:43 - 7zi.com: OK (Status 200)
2026-03-11 22:00:43 - Checking GitHub...
2026-03-11 22:00:44 - GitHub API: OK
2026-03-11 22:00:44 - Checking memory files...
2026-03-11 22:00:44 - Memory files count: 2
2026-03-11 22:00:44 - Today's log: 28 lines
2026-03-11 22:00:44 - === Health Check Complete ===
2026-03-12 00:00:01 - === Health Check Started ===
2026-03-12 00:00:02 - Checking scheduled tasks...
2026-03-12 00:00:04 - Task 'OpenClaw-Memory-Upload': Running
2026-03-12 00:00:04 - Checking 7zi.com...
2026-03-12 00:00:14 - 7zi.com: ERROR - 操作超时。
2026-03-12 00:00:14 - Checking GitHub...
2026-03-12 00:00:15 - GitHub API: OK
2026-03-12 00:00:15 - Checking memory files...
2026-03-12 00:00:15 - Memory files count: 2
2026-03-12 00:00:15 - Today's log: NOT FOUND (creating...)
2026-03-12 00:00:15 - === Health Check Complete ===
2026-03-12 02:00:02 - === Health Check Started ===
2026-03-12 02:00:02 - Checking scheduled tasks...
2026-03-12 02:00:03 - Task 'OpenClaw-Memory-Upload': Ready
2026-03-12 02:00:03 - Checking 7zi.com...
2026-03-12 02:00:06 - 7zi.com: OK (Status 200)
2026-03-12 02:00:06 - Checking GitHub...
2026-03-12 02:00:06 - GitHub API: OK
2026-03-12 02:00:06 - Checking memory files...
2026-03-12 02:00:07 - Memory files count: 3
2026-03-12 02:00:07 - Today's log: 2 lines
2026-03-12 02:00:07 - === Health Check Complete ===
2026-03-12 04:00:02 - === Health Check Started ===
2026-03-12 04:00:02 - Checking scheduled tasks...
2026-03-12 04:00:04 - Task 'OpenClaw-Memory-Upload': Running
2026-03-12 04:00:04 - Checking 7zi.com...
2026-03-12 04:00:08 - 7zi.com: OK (Status 200)
2026-03-12 04:00:08 - Checking GitHub...
2026-03-12 04:00:08 - GitHub API: OK
2026-03-12 04:00:08 - Checking memory files...
2026-03-12 04:00:08 - Memory files count: 3
2026-03-12 04:00:08 - Today's log: 2 lines
2026-03-12 04:00:08 - === Health Check Complete ===
2026-03-12 06:00:02 - === Health Check Started ===
2026-03-12 06:00:02 - Checking scheduled tasks...
2026-03-12 06:00:03 - Task 'OpenClaw-Memory-Upload': Ready
2026-03-12 06:00:03 - Checking 7zi.com...
2026-03-12 06:00:07 - 7zi.com: OK (Status 200)
2026-03-12 06:00:07 - Checking GitHub...
2026-03-12 06:00:07 - GitHub API: OK
2026-03-12 06:00:07 - Checking memory files...
2026-03-12 06:00:08 - Memory files count: 3
2026-03-12 06:00:08 - Today's log: 2 lines
2026-03-12 06:00:08 - === Health Check Complete ===
2026-03-12 08:00:02 - === Health Check Started ===
2026-03-12 08:00:02 - Checking scheduled tasks...
2026-03-12 08:00:04 - Task 'OpenClaw-Memory-Upload': Running
2026-03-12 08:00:04 - Checking 7zi.com...
2026-03-12 08:00:07 - 7zi.com: OK (Status 200)
2026-03-12 08:00:07 - Checking GitHub...
2026-03-12 08:00:08 - GitHub API: OK
2026-03-12 08:00:08 - Checking memory files...
2026-03-12 08:00:08 - Memory files count: 3
2026-03-12 08:00:08 - Today's log: 2 lines
2026-03-12 08:00:08 - === Health Check Complete ===
2026-03-12 10:00:02 - === Health Check Started ===
2026-03-12 10:00:02 - Checking scheduled tasks...
2026-03-12 10:00:03 - Task 'OpenClaw-Memory-Upload': Ready
2026-03-12 10:00:03 - Checking 7zi.com...
2026-03-12 10:00:06 - 7zi.com: OK (Status 200)
2026-03-12 10:00:06 - Checking GitHub...
2026-03-12 10:00:07 - GitHub API: OK
2026-03-12 10:00:07 - Checking memory files...
2026-03-12 10:00:07 - Memory files count: 3
2026-03-12 10:00:07 - Today's log: 2 lines
2026-03-12 10:00:07 - === Health Check Complete ===
2026-03-12 12:00:02 - === Health Check Started ===
2026-03-12 12:00:02 - Checking scheduled tasks...
2026-03-12 12:00:05 - Task 'OpenClaw-Memory-Upload': Running
2026-03-12 12:00:05 - Checking 7zi.com...
2026-03-12 12:00:08 - 7zi.com: OK (Status 200)
2026-03-12 12:00:08 - Checking GitHub...
2026-03-12 12:00:08 - GitHub API: OK
2026-03-12 12:00:08 - Checking memory files...
2026-03-12 12:00:08 - Memory files count: 3
2026-03-12 12:00:08 - Today's log: 2 lines
2026-03-12 12:00:08 - === Health Check Complete ===
2026-03-12 14:00:03 - === Health Check Started ===
2026-03-12 14:00:03 - Checking scheduled tasks...
2026-03-12 14:00:05 - Task 'OpenClaw-Memory-Upload': Ready
2026-03-12 14:00:05 - Checking 7zi.com...
2026-03-12 14:00:08 - 7zi.com: OK (Status 200)
2026-03-12 14:00:08 - Checking GitHub...
2026-03-12 14:00:08 - GitHub API: OK
2026-03-12 14:00:08 - Checking memory files...
2026-03-12 14:00:08 - Memory files count: 3
2026-03-12 14:00:08 - Today's log: 2 lines
2026-03-12 14:00:08 - === Health Check Complete ===
2026-03-12 16:00:02 - === Health Check Started ===
2026-03-12 16:00:02 - Checking scheduled tasks...
2026-03-12 16:00:05 - Task 'OpenClaw-Memory-Upload': Running
2026-03-12 16:00:05 - Checking 7zi.com...
2026-03-12 16:00:08 - 7zi.com: OK (Status 200)
2026-03-12 16:00:08 - Checking GitHub...
2026-03-12 16:00:09 - GitHub API: OK
2026-03-12 16:00:09 - Checking memory files...
2026-03-12 16:00:09 - Memory files count: 3
2026-03-12 16:00:09 - Today's log: 2 lines
2026-03-12 16:00:09 - === Health Check Complete ===
2026-03-13 10:00:02 - === Health Check Started ===
2026-03-13 10:00:02 - Checking scheduled tasks...
2026-03-13 10:00:03 - Task 'OpenClaw-Memory-Upload': Ready
2026-03-13 10:00:03 - Checking 7zi.com...
2026-03-13 10:00:08 - 7zi.com: OK (Status 200)
2026-03-13 10:00:08 - Checking GitHub...
2026-03-13 10:00:08 - GitHub API: OK
2026-03-13 10:00:08 - Checking memory files...
2026-03-13 10:00:08 - Memory files count: 3
2026-03-13 10:00:08 - Today's log: NOT FOUND (creating...)
2026-03-13 10:00:08 - === Health Check Complete ===
2026-03-13 12:00:02 - === Health Check Started ===
2026-03-13 12:00:02 - Checking scheduled tasks...
2026-03-13 12:00:04 - Task 'OpenClaw-Memory-Upload': Running
2026-03-13 12:00:04 - Checking 7zi.com...
2026-03-13 12:00:09 - 7zi.com: OK (Status 200)
2026-03-13 12:00:09 - Checking GitHub...
2026-03-13 12:00:09 - GitHub API: OK
2026-03-13 12:00:09 - Checking memory files...
2026-03-13 12:00:09 - Memory files count: 4
2026-03-13 12:00:09 - Today's log: 2 lines
2026-03-13 12:00:09 - === Health Check Complete ===
2026-03-13 14:00:02 - === Health Check Started ===
2026-03-13 14:00:02 - Checking scheduled tasks...
2026-03-13 14:00:03 - Task 'OpenClaw-Memory-Upload': Ready
2026-03-13 14:00:03 - Checking 7zi.com...
2026-03-13 14:00:08 - 7zi.com: OK (Status 200)
2026-03-13 14:00:08 - Checking GitHub...
2026-03-13 14:00:08 - GitHub API: OK
2026-03-13 14:00:08 - Checking memory files...
2026-03-13 14:00:08 - Memory files count: 4
2026-03-13 14:00:08 - Today's log: 2 lines
2026-03-13 14:00:08 - === Health Check Complete ===
2026-03-13 16:00:02 - === Health Check Started ===
2026-03-13 16:00:02 - Checking scheduled tasks...
2026-03-13 16:00:03 - Task 'OpenClaw-Memory-Upload': Running
2026-03-13 16:00:03 - Checking 7zi.com...
2026-03-13 16:00:07 - 7zi.com: OK (Status 200)
2026-03-13 16:00:07 - Checking GitHub...
2026-03-13 16:00:08 - GitHub API: OK
2026-03-13 16:00:08 - Checking memory files...
2026-03-13 16:00:08 - Memory files count: 4
2026-03-13 16:00:08 - Today's log: 2 lines
2026-03-13 16:00:08 - === Health Check Complete ===
2026-03-13 18:00:02 - === Health Check Started ===
2026-03-13 18:00:02 - Checking scheduled tasks...
2026-03-13 18:00:04 - Task 'OpenClaw-Memory-Upload': Ready
2026-03-13 18:00:04 - Checking 7zi.com...
2026-03-13 18:00:07 - 7zi.com: OK (Status 200)
2026-03-13 18:00:07 - Checking GitHub...
2026-03-13 18:00:08 - GitHub API: OK
2026-03-13 18:00:08 - Checking memory files...
2026-03-13 18:00:08 - Memory files count: 4
2026-03-13 18:00:08 - Today's log: 2 lines
2026-03-13 18:00:08 - === Health Check Complete ===
2026-03-13 20:00:02 - === Health Check Started ===
2026-03-13 20:00:02 - Checking scheduled tasks...
2026-03-13 20:00:03 - Task 'OpenClaw-Memory-Upload': Running
2026-03-13 20:00:03 - Checking 7zi.com...
2026-03-13 20:00:08 - 7zi.com: OK (Status 200)
2026-03-13 20:00:08 - Checking GitHub...
2026-03-13 20:00:08 - GitHub API: OK
2026-03-13 20:00:08 - Checking memory files...
2026-03-13 20:00:09 - Memory files count: 4
2026-03-13 20:00:09 - Today's log: 2 lines
2026-03-13 20:00:09 - === Health Check Complete ===
2026-03-13 22:00:02 - === Health Check Started ===
2026-03-13 22:00:02 - Checking scheduled tasks...
2026-03-13 22:00:03 - Task 'OpenClaw-Memory-Upload': Ready
2026-03-13 22:00:03 - Checking 7zi.com...
2026-03-13 22:00:07 - 7zi.com: OK (Status 200)
2026-03-13 22:00:07 - Checking GitHub...
2026-03-13 22:00:07 - GitHub API: OK
2026-03-13 22:00:07 - Checking memory files...
2026-03-13 22:00:07 - Memory files count: 4
2026-03-13 22:00:07 - Today's log: 2 lines
2026-03-13 22:00:07 - === Health Check Complete ===
2026-03-14 00:00:03 - === Health Check Started ===
2026-03-14 00:00:03 - Checking scheduled tasks...
2026-03-14 00:00:04 - Task 'OpenClaw-Memory-Upload': Running
2026-03-14 00:00:04 - Checking 7zi.com...
2026-03-14 00:00:07 - 7zi.com: OK (Status 200)
2026-03-14 00:00:07 - Checking GitHub...
2026-03-14 00:00:08 - GitHub API: OK
2026-03-14 00:00:08 - Checking memory files...
2026-03-14 00:00:08 - Memory files count: 4
2026-03-14 00:00:08 - Today's log: NOT FOUND (creating...)
2026-03-14 00:00:08 - === Health Check Complete ===
2026-03-14 02:00:02 - === Health Check Started ===
2026-03-14 02:00:02 - Checking scheduled tasks...
2026-03-14 02:00:03 - Task 'OpenClaw-Memory-Upload': Ready
2026-03-14 02:00:03 - Checking 7zi.com...
2026-03-14 02:00:05 - 7zi.com: OK (Status 200)
2026-03-14 02:00:05 - Checking GitHub...
2026-03-14 02:00:06 - GitHub API: OK
2026-03-14 02:00:06 - Checking memory files...
2026-03-14 02:00:06 - Memory files count: 5
2026-03-14 02:00:06 - Today's log: 2 lines
2026-03-14 02:00:06 - === Health Check Complete ===
2026-03-14 04:00:01 - === Health Check Started ===
2026-03-14 04:00:01 - Checking scheduled tasks...
2026-03-14 04:00:03 - Task 'OpenClaw-Memory-Upload': Running
2026-03-14 04:00:03 - Checking 7zi.com...
2026-03-14 04:00:07 - 7zi.com: OK (Status 200)
2026-03-14 04:00:07 - Checking GitHub...
2026-03-14 04:00:07 - GitHub API: OK
2026-03-14 04:00:07 - Checking memory files...
2026-03-14 04:00:07 - Memory files count: 5
2026-03-14 04:00:07 - Today's log: 2 lines
2026-03-14 04:00:07 - === Health Check Complete ===
2026-03-14 06:00:01 - === Health Check Started ===
2026-03-14 06:00:01 - Checking scheduled tasks...
2026-03-14 06:00:02 - Task 'OpenClaw-Memory-Upload': Ready
2026-03-14 06:00:02 - Checking 7zi.com...
2026-03-14 06:00:06 - 7zi.com: OK (Status 200)
2026-03-14 06:00:06 - Checking GitHub...
2026-03-14 06:00:06 - GitHub API: OK
2026-03-14 06:00:06 - Checking memory files...
2026-03-14 06:00:06 - Memory files count: 5
2026-03-14 06:00:06 - Today's log: 2 lines
2026-03-14 06:00:06 - === Health Check Complete ===
2026-03-14 08:00:01 - === Health Check Started ===
2026-03-14 08:00:01 - Checking scheduled tasks...
2026-03-14 08:00:03 - Task 'OpenClaw-Memory-Upload': Running
2026-03-14 08:00:03 - Checking 7zi.com...
2026-03-14 08:00:06 - 7zi.com: OK (Status 200)
2026-03-14 08:00:06 - Checking GitHub...
2026-03-14 08:00:07 - GitHub API: OK
2026-03-14 08:00:07 - Checking memory files...
2026-03-14 08:00:07 - Memory files count: 5
2026-03-14 08:00:07 - Today's log: 2 lines
2026-03-14 08:00:07 - === Health Check Complete ===
2026-03-14 10:00:01 - === Health Check Started ===
2026-03-14 10:00:01 - Checking scheduled tasks...
2026-03-14 10:00:02 - Task 'OpenClaw-Memory-Upload': Ready
2026-03-14 10:00:02 - Checking 7zi.com...
2026-03-14 10:00:06 - 7zi.com: OK (Status 200)
2026-03-14 10:00:06 - Checking GitHub...
2026-03-14 10:00:07 - GitHub API: OK
2026-03-14 10:00:07 - Checking memory files...
2026-03-14 10:00:07 - Memory files count: 5
2026-03-14 10:00:07 - Today's log: 2 lines
2026-03-14 10:00:07 - === Health Check Complete ===
2026-03-14 12:00:02 - === Health Check Started ===
2026-03-14 12:00:02 - Checking scheduled tasks...
2026-03-14 12:00:04 - Task 'OpenClaw-Memory-Upload': Running
2026-03-14 12:00:04 - Checking 7zi.com...
2026-03-14 12:00:07 - 7zi.com: OK (Status 200)
2026-03-14 12:00:07 - Checking GitHub...
2026-03-14 12:00:07 - GitHub API: OK
2026-03-14 12:00:07 - Checking memory files...
2026-03-14 12:00:08 - Memory files count: 5
2026-03-14 12:00:08 - Today's log: 2 lines
2026-03-14 12:00:08 - === Health Check Complete ===
2026-03-14 14:00:02 - === Health Check Started ===
2026-03-14 14:00:02 - Checking scheduled tasks...
2026-03-14 14:00:03 - Task 'OpenClaw-Memory-Upload': Ready
2026-03-14 14:00:03 - Checking 7zi.com...
2026-03-14 14:00:05 - 7zi.com: OK (Status 200)
2026-03-14 14:00:05 - Checking GitHub...
2026-03-14 14:00:06 - GitHub API: OK
2026-03-14 14:00:06 - Checking memory files...
2026-03-14 14:00:06 - Memory files count: 5
2026-03-14 14:00:06 - Today's log: 2 lines
2026-03-14 14:00:06 - === Health Check Complete ===
2026-03-14 16:00:02 - === Health Check Started ===
2026-03-14 16:00:02 - Checking scheduled tasks...
2026-03-14 16:00:05 - Task 'OpenClaw-Memory-Upload': Running
2026-03-14 16:00:05 - Checking 7zi.com...
2026-03-14 16:00:08 - 7zi.com: OK (Status 200)
2026-03-14 16:00:08 - Checking GitHub...
2026-03-14 16:00:08 - GitHub API: OK
2026-03-14 16:00:08 - Checking memory files...
2026-03-14 16:00:08 - Memory files count: 5
2026-03-14 16:00:08 - Today's log: 2 lines
2026-03-14 16:00:08 - === Health Check Complete ===
2026-03-14 18:00:03 - === Health Check Started ===
2026-03-14 18:00:03 - Checking scheduled tasks...
2026-03-14 18:00:04 - Task 'OpenClaw-Memory-Upload': Ready
2026-03-14 18:00:04 - Checking 7zi.com...
2026-03-14 18:00:07 - 7zi.com: OK (Status 200)
2026-03-14 18:00:07 - Checking GitHub...
2026-03-14 18:00:07 - GitHub API: OK
2026-03-14 18:00:07 - Checking memory files...
2026-03-14 18:00:08 - Memory files count: 5
2026-03-14 18:00:08 - Today's log: 2 lines
2026-03-14 18:00:08 - === Health Check Complete ===
2026-03-14 20:00:02 - === Health Check Started ===
2026-03-14 20:00:02 - Checking scheduled tasks...
2026-03-14 20:00:05 - Task 'OpenClaw-Memory-Upload': Running
2026-03-14 20:00:05 - Checking 7zi.com...
2026-03-14 20:00:08 - 7zi.com: OK (Status 200)
2026-03-14 20:00:08 - Checking GitHub...
2026-03-14 20:00:08 - GitHub API: OK
2026-03-14 20:00:08 - Checking memory files...
2026-03-14 20:00:08 - Memory files count: 5
2026-03-14 20:00:08 - Today's log: 2 lines
2026-03-14 20:00:08 - === Health Check Complete ===
2026-03-14 22:00:01 - === Health Check Started ===
2026-03-14 22:00:01 - Checking scheduled tasks...
2026-03-14 22:00:02 - Task 'OpenClaw-Memory-Upload': Ready
2026-03-14 22:00:02 - Checking 7zi.com...
2026-03-14 22:00:06 - 7zi.com: OK (Status 200)
2026-03-14 22:00:06 - Checking GitHub...
2026-03-14 22:00:06 - GitHub API: OK
2026-03-14 22:00:06 - Checking memory files...
2026-03-14 22:00:06 - Memory files count: 5
2026-03-14 22:00:06 - Today's log: 2 lines
2026-03-14 22:00:06 - === Health Check Complete ===
2026-03-15 00:00:01 - === Health Check Started ===
2026-03-15 00:00:01 - Checking scheduled tasks...
2026-03-15 00:00:03 - Task 'OpenClaw-Memory-Upload': Running
2026-03-15 00:00:03 - Checking 7zi.com...
2026-03-15 00:00:06 - 7zi.com: OK (Status 200)
2026-03-15 00:00:06 - Checking GitHub...
2026-03-15 00:00:06 - GitHub API: OK
2026-03-15 00:00:06 - Checking memory files...
2026-03-15 00:00:06 - Memory files count: 5
2026-03-15 00:00:06 - Today's log: NOT FOUND (creating...)
2026-03-15 00:00:06 - === Health Check Complete ===
2026-03-15 02:00:01 - === Health Check Started ===
2026-03-15 02:00:01 - Checking scheduled tasks...
2026-03-15 02:00:04 - Task 'OpenClaw-Memory-Upload': Ready
2026-03-15 02:00:04 - Checking 7zi.com...
2026-03-15 02:00:06 - 7zi.com: OK (Status 200)
2026-03-15 02:00:07 - Checking GitHub...
2026-03-15 02:00:07 - GitHub API: OK
2026-03-15 02:00:07 - Checking memory files...
2026-03-15 02:00:07 - Memory files count: 6
2026-03-15 02:00:07 - Today's log: 2 lines
2026-03-15 02:00:07 - === Health Check Complete ===
2026-03-15 04:00:01 - === Health Check Started ===
2026-03-15 04:00:01 - Checking scheduled tasks...
2026-03-15 04:00:03 - Task 'OpenClaw-Memory-Upload': Running
2026-03-15 04:00:03 - Checking 7zi.com...
2026-03-15 04:00:06 - 7zi.com: OK (Status 200)
2026-03-15 04:00:06 - Checking GitHub...
2026-03-15 04:00:06 - GitHub API: OK
2026-03-15 04:00:06 - Checking memory files...
2026-03-15 04:00:07 - Memory files count: 6
2026-03-15 04:00:07 - Today's log: 2 lines
2026-03-15 04:00:07 - === Health Check Complete ===
2026-03-15 06:00:02 - === Health Check Started ===
2026-03-15 06:00:02 - Checking scheduled tasks...
2026-03-15 06:00:03 - Task 'OpenClaw-Memory-Upload': Ready
2026-03-15 06:00:03 - Checking 7zi.com...
2026-03-15 06:00:05 - 7zi.com: OK (Status 200)
2026-03-15 06:00:05 - Checking GitHub...
2026-03-15 06:00:05 - GitHub API: OK
2026-03-15 06:00:05 - Checking memory files...
2026-03-15 06:00:06 - Memory files count: 6
2026-03-15 06:00:06 - Today's log: 2 lines
2026-03-15 06:00:06 - === Health Check Complete ===
2026-03-15 08:00:02 - === Health Check Started ===
2026-03-15 08:00:02 - Checking scheduled tasks...
2026-03-15 08:00:04 - Task 'OpenClaw-Memory-Upload': Running
2026-03-15 08:00:04 - Checking 7zi.com...
2026-03-15 08:00:20 - 7zi.com: OK (Status 200)
2026-03-15 08:00:20 - Checking GitHub...
2026-03-15 08:00:21 - GitHub API: OK
2026-03-15 08:00:21 - Checking memory files...
2026-03-15 08:00:21 - Memory files count: 6
2026-03-15 08:00:21 - Today's log: 2 lines
2026-03-15 08:00:21 - === Health Check Complete ===
2026-03-15 10:00:02 - === Health Check Started ===
2026-03-15 10:00:02 - Checking scheduled tasks...
2026-03-15 10:00:03 - Task 'OpenClaw-Memory-Upload': Ready
2026-03-15 10:00:03 - Checking 7zi.com...
2026-03-15 10:00:07 - 7zi.com: OK (Status 200)
2026-03-15 10:00:07 - Checking GitHub...
2026-03-15 10:00:07 - GitHub API: OK
2026-03-15 10:00:07 - Checking memory files...
2026-03-15 10:00:07 - Memory files count: 6
2026-03-15 10:00:07 - Today's log: 2 lines
2026-03-15 10:00:07 - === Health Check Complete ===
2026-03-15 12:00:02 - === Health Check Started ===
2026-03-15 12:00:02 - Checking scheduled tasks...
2026-03-15 12:00:04 - Task 'OpenClaw-Memory-Upload': Running
2026-03-15 12:00:04 - Checking 7zi.com...
2026-03-15 12:00:10 - 7zi.com: ERROR - 无法连接到远程服务器
2026-03-15 12:00:10 - Checking GitHub...
2026-03-15 12:00:11 - GitHub API: OK
2026-03-15 12:00:11 - Checking memory files...
2026-03-15 12:00:11 - Memory files count: 6
2026-03-15 12:00:11 - Today's log: 2 lines
2026-03-15 12:00:11 - === Health Check Complete ===
2026-03-15 14:00:02 - === Health Check Started ===
2026-03-15 14:00:02 - Checking scheduled tasks...
2026-03-15 14:00:03 - Task 'OpenClaw-Memory-Upload': Ready
2026-03-15 14:00:03 - Checking 7zi.com...
2026-03-15 14:00:09 - 7zi.com: ERROR - 无法连接到远程服务器
2026-03-15 14:00:09 - Checking GitHub...
2026-03-15 14:00:10 - GitHub API: OK
2026-03-15 14:00:10 - Checking memory files...
2026-03-15 14:00:10 - Memory files count: 6
2026-03-15 14:00:10 - Today's log: 2 lines
2026-03-15 14:00:10 - === Health Check Complete ===
2026-03-15 16:00:03 - === Health Check Started ===
2026-03-15 16:00:03 - Checking scheduled tasks...
2026-03-15 16:00:06 - Task 'OpenClaw-Memory-Upload': Running
2026-03-15 16:00:06 - Checking 7zi.com...
2026-03-15 16:00:08 - 7zi.com: ERROR - 无法连接到远程服务器
2026-03-15 16:00:08 - Checking GitHub...
2026-03-15 16:00:08 - GitHub API: OK
2026-03-15 16:00:09 - Checking memory files...
2026-03-15 16:00:09 - Memory files count: 6
2026-03-15 16:00:09 - Today's log: 2 lines
2026-03-15 16:00:09 - === Health Check Complete ===
2026-03-15 18:00:03 - === Health Check Started ===
2026-03-15 18:00:03 - Checking scheduled tasks...
2026-03-15 18:00:04 - Task 'OpenClaw-Memory-Upload': Ready
2026-03-15 18:00:04 - Checking 7zi.com...
2026-03-15 18:00:07 - 7zi.com: ERROR - 无法连接到远程服务器
2026-03-15 18:00:07 - Checking GitHub...
2026-03-15 18:00:07 - GitHub API: OK
2026-03-15 18:00:07 - Checking memory files...
2026-03-15 18:00:07 - Memory files count: 6
2026-03-15 18:00:07 - Today's log: 2 lines
2026-03-15 18:00:07 - === Health Check Complete ===
2026-03-15 20:00:03 - === Health Check Started ===
2026-03-15 20:00:03 - Checking scheduled tasks...
2026-03-15 20:00:05 - Task 'OpenClaw-Memory-Upload': Running
2026-03-15 20:00:05 - Checking 7zi.com...
2026-03-15 20:00:09 - 7zi.com: OK (Status 200)
2026-03-15 20:00:09 - Checking GitHub...
2026-03-15 20:00:10 - GitHub API: OK
2026-03-15 20:00:10 - Checking memory files...
2026-03-15 20:00:10 - Memory files count: 6
2026-03-15 20:00:10 - Today's log: 2 lines
2026-03-15 20:00:10 - === Health Check Complete ===
2026-03-15 22:00:02 - === Health Check Started ===
2026-03-15 22:00:02 - Checking scheduled tasks...
2026-03-15 22:00:04 - Task 'OpenClaw-Memory-Upload': Ready
2026-03-15 22:00:04 - Checking 7zi.com...
2026-03-15 22:00:06 - 7zi.com: OK (Status 200)
2026-03-15 22:00:06 - Checking GitHub...
2026-03-15 22:00:06 - GitHub API: OK
2026-03-15 22:00:06 - Checking memory files...
2026-03-15 22:00:07 - Memory files count: 6
2026-03-15 22:00:07 - Today's log: 2 lines
2026-03-15 22:00:07 - === Health Check Complete ===
2026-03-16 00:00:01 - === Health Check Started ===
2026-03-16 00:00:01 - Checking scheduled tasks...
2026-03-16 00:00:04 - Task 'OpenClaw-Memory-Upload': Running
2026-03-16 00:00:04 - Checking 7zi.com...
2026-03-16 00:00:08 - 7zi.com: OK (Status 200)
2026-03-16 00:00:08 - Checking GitHub...
2026-03-16 00:00:08 - GitHub API: OK
2026-03-16 00:00:08 - Checking memory files...
2026-03-16 00:00:08 - Memory files count: 6
2026-03-16 00:00:08 - Today's log: NOT FOUND (creating...)
2026-03-16 00:00:08 - === Health Check Complete ===
2026-03-16 02:00:02 - === Health Check Started ===
2026-03-16 02:00:02 - Checking scheduled tasks...
2026-03-16 02:00:03 - Task 'OpenClaw-Memory-Upload': Ready
2026-03-16 02:00:03 - Checking 7zi.com...
2026-03-16 02:00:05 - 7zi.com: OK (Status 200)
2026-03-16 02:00:05 - Checking GitHub...
2026-03-16 02:00:05 - GitHub API: OK
2026-03-16 02:00:05 - Checking memory files...
2026-03-16 02:00:06 - Memory files count: 7
2026-03-16 02:00:06 - Today's log: 2 lines
2026-03-16 02:00:06 - === Health Check Complete ===
2026-03-16 04:00:01 - === Health Check Started ===
2026-03-16 04:00:02 - Checking scheduled tasks...
2026-03-16 04:00:04 - Task 'OpenClaw-Memory-Upload': Running
2026-03-16 04:00:04 - Checking 7zi.com...
2026-03-16 04:00:10 - 7zi.com: OK (Status 200)
2026-03-16 04:00:10 - Checking GitHub...
2026-03-16 04:00:10 - GitHub API: OK
2026-03-16 04:00:10 - Checking memory files...
2026-03-16 04:00:10 - Memory files count: 7
2026-03-16 04:00:10 - Today's log: 2 lines
2026-03-16 04:00:10 - === Health Check Complete ===
2026-03-16 06:00:01 - === Health Check Started ===
2026-03-16 06:00:01 - Checking scheduled tasks...
2026-03-16 06:00:03 - Task 'OpenClaw-Memory-Upload': Ready
2026-03-16 06:00:03 - Checking 7zi.com...
2026-03-16 06:00:06 - 7zi.com: OK (Status 200)
2026-03-16 06:00:06 - Checking GitHub...
2026-03-16 06:00:06 - GitHub API: OK
2026-03-16 06:00:06 - Checking memory files...
2026-03-16 06:00:06 - Memory files count: 7
2026-03-16 06:00:06 - Today's log: 2 lines
2026-03-16 06:00:07 - === Health Check Complete ===
2026-03-16 08:00:02 - === Health Check Started ===
2026-03-16 08:00:02 - Checking scheduled tasks...
2026-03-16 08:00:05 - Task 'OpenClaw-Memory-Upload': Running
2026-03-16 08:00:05 - Checking 7zi.com...
2026-03-16 08:00:08 - 7zi.com: OK (Status 200)
2026-03-16 08:00:08 - Checking GitHub...
2026-03-16 08:00:08 - GitHub API: OK
2026-03-16 08:00:08 - Checking memory files...
2026-03-16 08:00:08 - Memory files count: 7
2026-03-16 08:00:08 - Today's log: 2 lines
2026-03-16 08:00:08 - === Health Check Complete ===
2026-03-16 10:00:02 - === Health Check Started ===
2026-03-16 10:00:02 - Checking scheduled tasks...
2026-03-16 10:00:04 - Task 'OpenClaw-Memory-Upload': Ready
2026-03-16 10:00:04 - Checking 7zi.com...
2026-03-16 10:00:07 - 7zi.com: OK (Status 200)
2026-03-16 10:00:07 - Checking GitHub...
2026-03-16 10:00:07 - GitHub API: OK
2026-03-16 10:00:07 - Checking memory files...
2026-03-16 10:00:07 - Memory files count: 7
2026-03-16 10:00:07 - Today's log: 2 lines
2026-03-16 10:00:07 - === Health Check Complete ===
2026-03-16 12:00:01 - === Health Check Started ===
2026-03-16 12:00:01 - Checking scheduled tasks...
2026-03-16 12:00:03 - Task 'OpenClaw-Memory-Upload': Running
2026-03-16 12:00:03 - Checking 7zi.com...
2026-03-16 12:00:07 - 7zi.com: OK (Status 200)
2026-03-16 12:00:07 - Checking GitHub...
2026-03-16 12:00:07 - GitHub API: OK
2026-03-16 12:00:07 - Checking memory files...
2026-03-16 12:00:07 - Memory files count: 7
2026-03-16 12:00:07 - Today's log: 2 lines
2026-03-16 12:00:07 - === Health Check Complete ===
2026-03-16 14:00:02 - === Health Check Started ===
2026-03-16 14:00:02 - Checking scheduled tasks...
2026-03-16 14:00:03 - Task 'OpenClaw-Memory-Upload': Ready
2026-03-16 14:00:03 - Checking 7zi.com...
2026-03-16 14:00:08 - 7zi.com: OK (Status 200)
2026-03-16 14:00:08 - Checking GitHub...
2026-03-16 14:00:08 - GitHub API: OK
2026-03-16 14:00:08 - Checking memory files...
2026-03-16 14:00:08 - Memory files count: 7
2026-03-16 14:00:08 - Today's log: 2 lines
2026-03-16 14:00:08 - === Health Check Complete ===
2026-03-16 16:00:03 - === Health Check Started ===
2026-03-16 16:00:03 - Checking scheduled tasks...
2026-03-16 16:00:06 - Task 'OpenClaw-Memory-Upload': Running
2026-03-16 16:00:06 - Checking 7zi.com...
2026-03-16 16:00:08 - 7zi.com: OK (Status 200)
2026-03-16 16:00:08 - Checking GitHub...
2026-03-16 16:00:09 - GitHub API: OK
2026-03-16 16:00:09 - Checking memory files...
2026-03-16 16:00:09 - Memory files count: 7
2026-03-16 16:00:09 - Today's log: 2 lines
2026-03-16 16:00:09 - === Health Check Complete ===
2026-03-16 18:00:03 - === Health Check Started ===
2026-03-16 18:00:03 - Checking scheduled tasks...
2026-03-16 18:00:04 - Task 'OpenClaw-Memory-Upload': Ready
2026-03-16 18:00:04 - Checking 7zi.com...
2026-03-16 18:00:09 - 7zi.com: OK (Status 200)
2026-03-16 18:00:09 - Checking GitHub...
2026-03-16 18:00:09 - GitHub API: OK
2026-03-16 18:00:09 - Checking memory files...
2026-03-16 18:00:09 - Memory files count: 7
2026-03-16 18:00:09 - Today's log: 2 lines
2026-03-16 18:00:09 - === Health Check Complete ===
2026-03-16 20:00:02 - === Health Check Started ===
2026-03-16 20:00:02 - Checking scheduled tasks...
2026-03-16 20:00:05 - Task 'OpenClaw-Memory-Upload': Running
2026-03-16 20:00:05 - Checking 7zi.com...
2026-03-16 20:00:07 - 7zi.com: OK (Status 200)
2026-03-16 20:00:07 - Checking GitHub...
2026-03-16 20:00:08 - GitHub API: OK
2026-03-16 20:00:08 - Checking memory files...
2026-03-16 20:00:08 - Memory files count: 7
2026-03-16 20:00:08 - Today's log: 2 lines
2026-03-16 20:00:08 - === Health Check Complete ===
2026-03-16 22:00:02 - === Health Check Started ===
2026-03-16 22:00:02 - Checking scheduled tasks...
2026-03-16 22:00:03 - Task 'OpenClaw-Memory-Upload': Ready
2026-03-16 22:00:03 - Checking 7zi.com...
2026-03-16 22:00:06 - 7zi.com: OK (Status 200)
2026-03-16 22:00:06 - Checking GitHub...
2026-03-16 22:00:07 - GitHub API: OK
2026-03-16 22:00:07 - Checking memory files...
2026-03-16 22:00:07 - Memory files count: 7
2026-03-16 22:00:07 - Today's log: 2 lines
2026-03-16 22:00:07 - === Health Check Complete ===
2026-03-17 00:00:01 - === Health Check Started ===
2026-03-17 00:00:01 - Checking scheduled tasks...
2026-03-17 00:00:03 - Task 'OpenClaw-Memory-Upload': Running
2026-03-17 00:00:03 - Checking 7zi.com...
2026-03-17 00:00:14 - 7zi.com: ERROR - 操作超时。
2026-03-17 00:00:14 - Checking GitHub...
2026-03-17 00:00:14 - GitHub API: OK
2026-03-17 00:00:14 - Checking memory files...
2026-03-17 00:00:14 - Memory files count: 7
2026-03-17 00:00:14 - Today's log: NOT FOUND (creating...)
2026-03-17 00:00:14 - === Health Check Complete ===
2026-03-17 02:00:01 - === Health Check Started ===
2026-03-17 02:00:01 - Checking scheduled tasks...
2026-03-17 02:00:03 - Task 'OpenClaw-Memory-Upload': Ready
2026-03-17 02:00:03 - Checking 7zi.com...
2026-03-17 02:00:07 - 7zi.com: OK (Status 200)
2026-03-17 02:00:07 - Checking GitHub...
2026-03-17 02:00:07 - GitHub API: OK
2026-03-17 02:00:07 - Checking memory files...
2026-03-17 02:00:08 - Memory files count: 8
2026-03-17 02:00:08 - Today's log: 2 lines
2026-03-17 02:00:08 - === Health Check Complete ===
2026-03-17 04:00:02 - === Health Check Started ===
2026-03-17 04:00:02 - Checking scheduled tasks...
2026-03-17 04:00:04 - Task 'OpenClaw-Memory-Upload': Running
2026-03-17 04:00:04 - Checking 7zi.com...
2026-03-17 04:00:06 - 7zi.com: OK (Status 200)
2026-03-17 04:00:06 - Checking GitHub...
2026-03-17 04:00:06 - GitHub API: OK
2026-03-17 04:00:06 - Checking memory files...
2026-03-17 04:00:06 - Memory files count: 8
2026-03-17 04:00:06 - Today's log: 2 lines
2026-03-17 04:00:06 - === Health Check Complete ===
2026-03-17 06:00:01 - === Health Check Started ===
2026-03-17 06:00:02 - Checking scheduled tasks...
2026-03-17 06:00:03 - Task 'OpenClaw-Memory-Upload': Ready
2026-03-17 06:00:03 - Checking 7zi.com...
2026-03-17 06:00:07 - 7zi.com: OK (Status 200)
2026-03-17 06:00:07 - Checking GitHub...
2026-03-17 06:00:08 - GitHub API: OK
2026-03-17 06:00:08 - Checking memory files...
2026-03-17 06:00:08 - Memory files count: 8
2026-03-17 06:00:08 - Today's log: 2 lines
2026-03-17 06:00:08 - === Health Check Complete ===
2026-03-17 08:00:02 - === Health Check Started ===
2026-03-17 08:00:02 - Checking scheduled tasks...
2026-03-17 08:00:04 - Task 'OpenClaw-Memory-Upload': Running
2026-03-17 08:00:04 - Checking 7zi.com...
2026-03-17 08:00:08 - 7zi.com: OK (Status 200)
2026-03-17 08:00:08 - Checking GitHub...
2026-03-17 08:00:08 - GitHub API: OK
2026-03-17 08:00:08 - Checking memory files...
2026-03-17 08:00:08 - Memory files count: 8
2026-03-17 08:00:08 - Today's log: 2 lines
2026-03-17 08:00:08 - === Health Check Complete ===
2026-03-17 10:00:02 - === Health Check Started ===
2026-03-17 10:00:02 - Checking scheduled tasks...
2026-03-17 10:00:03 - Task 'OpenClaw-Memory-Upload': Ready
2026-03-17 10:00:03 - Checking 7zi.com...
2026-03-17 10:00:07 - 7zi.com: OK (Status 200)
2026-03-17 10:00:07 - Checking GitHub...
2026-03-17 10:00:07 - GitHub API: OK
2026-03-17 10:00:07 - Checking memory files...
2026-03-17 10:00:07 - Memory files count: 8
2026-03-17 10:00:07 - Today's log: 2 lines
2026-03-17 10:00:07 - === Health Check Complete ===
2026-03-17 12:00:03 - === Health Check Started ===
2026-03-17 12:00:03 - Checking scheduled tasks...
2026-03-17 12:00:05 - Task 'OpenClaw-Memory-Upload': Running
2026-03-17 12:00:05 - Checking 7zi.com...
2026-03-17 12:00:09 - 7zi.com: OK (Status 200)
2026-03-17 12:00:09 - Checking GitHub...
2026-03-17 12:00:10 - GitHub API: OK
2026-03-17 12:00:10 - Checking memory files...
2026-03-17 12:00:10 - Memory files count: 8
2026-03-17 12:00:10 - Today's log: 2 lines
2026-03-17 12:00:10 - === Health Check Complete ===
2026-03-17 14:00:03 - === Health Check Started ===
2026-03-17 14:00:03 - Checking scheduled tasks...
2026-03-17 14:00:04 - Task 'OpenClaw-Memory-Upload': Ready
2026-03-17 14:00:04 - Checking 7zi.com...
2026-03-17 14:00:10 - 7zi.com: OK (Status 200)
2026-03-17 14:00:10 - Checking GitHub...
2026-03-17 14:00:10 - GitHub API: OK
2026-03-17 14:00:10 - Checking memory files...
2026-03-17 14:00:10 - Memory files count: 8
2026-03-17 14:00:10 - Today's log: 2 lines
2026-03-17 14:00:10 - === Health Check Complete ===
2026-03-17 16:00:02 - === Health Check Started ===
2026-03-17 16:00:02 - Checking scheduled tasks...
2026-03-17 16:00:04 - Task 'OpenClaw-Memory-Upload': Running
2026-03-17 16:00:04 - Checking 7zi.com...
2026-03-17 16:00:07 - 7zi.com: OK (Status 200)
2026-03-17 16:00:07 - Checking GitHub...
2026-03-17 16:00:08 - GitHub API: OK
2026-03-17 16:00:08 - Checking memory files...
2026-03-17 16:00:08 - Memory files count: 8
2026-03-17 16:00:08 - Today's log: 2 lines
2026-03-17 16:00:08 - === Health Check Complete ===
2026-03-17 18:00:02 - === Health Check Started ===
2026-03-17 18:00:02 - Checking scheduled tasks...
2026-03-17 18:00:04 - Task 'OpenClaw-Memory-Upload': Ready
2026-03-17 18:00:04 - Checking 7zi.com...
2026-03-17 18:00:06 - 7zi.com: OK (Status 200)
2026-03-17 18:00:06 - Checking GitHub...
2026-03-17 18:00:07 - GitHub API: OK
2026-03-17 18:00:07 - Checking memory files...
2026-03-17 18:00:07 - Memory files count: 8
2026-03-17 18:00:07 - Today's log: 2 lines
2026-03-17 18:00:07 - === Health Check Complete ===
2026-03-17 20:00:02 - === Health Check Started ===
2026-03-17 20:00:02 - Checking scheduled tasks...
2026-03-17 20:00:03 - Task 'OpenClaw-Memory-Upload': Running
2026-03-17 20:00:03 - Checking 7zi.com...
2026-03-17 20:00:07 - 7zi.com: OK (Status 200)
2026-03-17 20:00:07 - Checking GitHub...
2026-03-17 20:00:07 - GitHub API: OK
2026-03-17 20:00:07 - Checking memory files...
2026-03-17 20:00:08 - Memory files count: 8
2026-03-17 20:00:08 - Today's log: 2 lines
2026-03-17 20:00:08 - === Health Check Complete ===
2026-03-17 22:00:02 - === Health Check Started ===
2026-03-17 22:00:02 - Checking scheduled tasks...
2026-03-17 22:00:03 - Task 'OpenClaw-Memory-Upload': Ready
2026-03-17 22:00:03 - Checking 7zi.com...
2026-03-17 22:00:06 - 7zi.com: OK (Status 200)
2026-03-17 22:00:06 - Checking GitHub...
2026-03-17 22:00:06 - GitHub API: OK
2026-03-17 22:00:06 - Checking memory files...
2026-03-17 22:00:06 - Memory files count: 8
2026-03-17 22:00:06 - Today's log: 2 lines
2026-03-17 22:00:06 - === Health Check Complete ===
2026-03-18 00:00:02 - === Health Check Started ===
2026-03-18 00:00:02 - Checking scheduled tasks...
2026-03-18 00:00:04 - Task 'OpenClaw-Memory-Upload': Running
2026-03-18 00:00:04 - Checking 7zi.com...
2026-03-18 00:00:07 - 7zi.com: OK (Status 200)
2026-03-18 00:00:07 - Checking GitHub...
2026-03-18 00:00:08 - GitHub API: OK
2026-03-18 00:00:08 - Checking memory files...
2026-03-18 00:00:08 - Memory files count: 8
2026-03-18 00:00:08 - Today's log: NOT FOUND (creating...)
2026-03-18 00:00:08 - === Health Check Complete ===
2026-03-18 02:00:02 - === Health Check Started ===
2026-03-18 02:00:02 - Checking scheduled tasks...
2026-03-18 02:00:03 - Task 'OpenClaw-Memory-Upload': Ready
2026-03-18 02:00:03 - Checking 7zi.com...
2026-03-18 02:00:05 - 7zi.com: OK (Status 200)
2026-03-18 02:00:05 - Checking GitHub...
2026-03-18 02:00:06 - GitHub API: OK
2026-03-18 02:00:06 - Checking memory files...
2026-03-18 02:00:06 - Memory files count: 9
2026-03-18 02:00:06 - Today's log: 2 lines
2026-03-18 02:00:06 - === Health Check Complete ===
2026-03-18 04:00:02 - === Health Check Started ===
2026-03-18 04:00:02 - Checking scheduled tasks...
2026-03-18 04:00:04 - Task 'OpenClaw-Memory-Upload': Running
2026-03-18 04:00:04 - Checking 7zi.com...
2026-03-18 04:00:07 - 7zi.com: OK (Status 200)
2026-03-18 04:00:07 - Checking GitHub...
2026-03-18 04:00:07 - GitHub API: OK
2026-03-18 04:00:07 - Checking memory files...
2026-03-18 04:00:07 - Memory files count: 9
2026-03-18 04:00:07 - Today's log: 2 lines
2026-03-18 04:00:07 - === Health Check Complete ===
2026-03-18 06:00:02 - === Health Check Started ===
2026-03-18 06:00:02 - Checking scheduled tasks...
2026-03-18 06:00:03 - Task 'OpenClaw-Memory-Upload': Ready
2026-03-18 06:00:03 - Checking 7zi.com...
2026-03-18 06:00:06 - 7zi.com: OK (Status 200)
2026-03-18 06:00:06 - Checking GitHub...
2026-03-18 06:00:07 - GitHub API: OK
2026-03-18 06:00:07 - Checking memory files...
2026-03-18 06:00:07 - Memory files count: 9
2026-03-18 06:00:07 - Today's log: 2 lines
2026-03-18 06:00:07 - === Health Check Complete ===
2026-03-18 08:00:02 - === Health Check Started ===
2026-03-18 08:00:02 - Checking scheduled tasks...
2026-03-18 08:00:04 - Task 'OpenClaw-Memory-Upload': Running
2026-03-18 08:00:04 - Checking 7zi.com...
2026-03-18 08:00:08 - 7zi.com: OK (Status 200)
2026-03-18 08:00:08 - Checking GitHub...
2026-03-18 08:00:08 - GitHub API: OK
2026-03-18 08:00:08 - Checking memory files...
2026-03-18 08:00:08 - Memory files count: 9
2026-03-18 08:00:08 - Today's log: 2 lines
2026-03-18 08:00:08 - === Health Check Complete ===
2026-03-18 10:00:02 - === Health Check Started ===
2026-03-18 10:00:02 - Checking scheduled tasks...
2026-03-18 10:00:03 - Task 'OpenClaw-Memory-Upload': Ready
2026-03-18 10:00:03 - Checking 7zi.com...
2026-03-18 10:00:06 - 7zi.com: OK (Status 200)
2026-03-18 10:00:06 - Checking GitHub...
2026-03-18 10:00:06 - GitHub API: OK
2026-03-18 10:00:06 - Checking memory files...
2026-03-18 10:00:06 - Memory files count: 9
2026-03-18 10:00:06 - Today's log: 2 lines
2026-03-18 10:00:06 - === Health Check Complete ===
2026-03-18 12:00:04 - === Health Check Started ===
2026-03-18 12:00:04 - Checking scheduled tasks...
2026-03-18 12:00:05 - Task 'OpenClaw-Memory-Upload': Running
2026-03-18 12:00:05 - Checking 7zi.com...
2026-03-18 12:00:08 - 7zi.com: OK (Status 200)
2026-03-18 12:00:08 - Checking GitHub...
2026-03-18 12:00:08 - GitHub API: OK
2026-03-18 12:00:08 - Checking memory files...
2026-03-18 12:00:08 - Memory files count: 9
2026-03-18 12:00:08 - Today's log: 2 lines
2026-03-18 12:00:08 - === Health Check Complete ===
2026-03-18 14:00:02 - === Health Check Started ===
2026-03-18 14:00:02 - Checking scheduled tasks...
2026-03-18 14:00:03 - Task 'OpenClaw-Memory-Upload': Ready
2026-03-18 14:00:03 - Checking 7zi.com...
2026-03-18 14:00:06 - 7zi.com: OK (Status 200)
2026-03-18 14:00:06 - Checking GitHub...
2026-03-18 14:00:07 - GitHub API: OK
2026-03-18 14:00:07 - Checking memory files...
2026-03-18 14:00:07 - Memory files count: 9
2026-03-18 14:00:07 - Today's log: 2 lines
2026-03-18 14:00:07 - === Health Check Complete ===
2026-03-18 16:00:02 - === Health Check Started ===
2026-03-18 16:00:02 - Checking scheduled tasks...
2026-03-18 16:00:05 - Task 'OpenClaw-Memory-Upload': Running
2026-03-18 16:00:05 - Checking 7zi.com...
2026-03-18 16:00:07 - 7zi.com: OK (Status 200)
2026-03-18 16:00:07 - Checking GitHub...
2026-03-18 16:00:07 - GitHub API: OK
2026-03-18 16:00:07 - Checking memory files...
2026-03-18 16:00:07 - Memory files count: 9
2026-03-18 16:00:07 - Today's log: 2 lines
2026-03-18 16:00:07 - === Health Check Complete ===
2026-03-18 18:00:05 - === Health Check Started ===
2026-03-18 18:00:05 - Checking scheduled tasks...
2026-03-18 18:00:06 - Task 'OpenClaw-Memory-Upload': Ready
2026-03-18 18:00:06 - Checking 7zi.com...
2026-03-18 18:00:08 - 7zi.com: OK (Status 200)
2026-03-18 18:00:08 - Checking GitHub...
2026-03-18 18:00:08 - GitHub API: OK
2026-03-18 18:00:09 - Checking memory files...
2026-03-18 18:00:09 - Memory files count: 9
2026-03-18 18:00:09 - Today's log: 2 lines
2026-03-18 18:00:09 - === Health Check Complete ===
2026-03-18 20:00:02 - === Health Check Started ===
2026-03-18 20:00:02 - Checking scheduled tasks...
2026-03-18 20:00:05 - Task 'OpenClaw-Memory-Upload': Running
2026-03-18 20:00:05 - Checking 7zi.com...
2026-03-18 20:00:07 - 7zi.com: OK (Status 200)
2026-03-18 20:00:07 - Checking GitHub...
2026-03-18 20:00:08 - GitHub API: OK
2026-03-18 20:00:08 - Checking memory files...
2026-03-18 20:00:08 - Memory files count: 9
2026-03-18 20:00:08 - Today's log: 2 lines
2026-03-18 20:00:08 - === Health Check Complete ===
2026-03-18 22:00:02 - === Health Check Started ===
2026-03-18 22:00:02 - Checking scheduled tasks...
2026-03-18 22:00:03 - Task 'OpenClaw-Memory-Upload': Ready
2026-03-18 22:00:03 - Checking 7zi.com...
2026-03-18 22:00:07 - 7zi.com: OK (Status 200)
2026-03-18 22:00:07 - Checking GitHub...
2026-03-18 22:00:07 - GitHub API: OK
2026-03-18 22:00:07 - Checking memory files...
2026-03-18 22:00:07 - Memory files count: 9
2026-03-18 22:00:07 - Today's log: 2 lines
2026-03-18 22:00:07 - === Health Check Complete ===
2026-03-19 00:00:01 - === Health Check Started ===
2026-03-19 00:00:01 - Checking scheduled tasks...
2026-03-19 00:00:03 - Task 'OpenClaw-Memory-Upload': Running
2026-03-19 00:00:03 - Checking 7zi.com...
2026-03-19 00:00:06 - 7zi.com: OK (Status 200)
2026-03-19 00:00:06 - Checking GitHub...
2026-03-19 00:00:07 - GitHub API: OK
2026-03-19 00:00:07 - Checking memory files...
2026-03-19 00:00:07 - Memory files count: 9
2026-03-19 00:00:07 - Today's log: NOT FOUND (creating...)
2026-03-19 00:00:07 - === Health Check Complete ===
2026-03-19 02:00:01 - === Health Check Started ===
2026-03-19 02:00:01 - Checking scheduled tasks...
2026-03-19 02:00:03 - Task 'OpenClaw-Memory-Upload': Ready
2026-03-19 02:00:03 - Checking 7zi.com...
2026-03-19 02:00:06 - 7zi.com: OK (Status 200)
2026-03-19 02:00:06 - Checking GitHub...
2026-03-19 02:00:07 - GitHub API: OK
2026-03-19 02:00:07 - Checking memory files...
2026-03-19 02:00:07 - Memory files count: 10
2026-03-19 02:00:07 - Today's log: 2 lines
2026-03-19 02:00:07 - === Health Check Complete ===
2026-03-19 04:00:01 - === Health Check Started ===
2026-03-19 04:00:01 - Checking scheduled tasks...
2026-03-19 04:00:04 - Task 'OpenClaw-Memory-Upload': Running
2026-03-19 04:00:04 - Checking 7zi.com...
2026-03-19 04:00:06 - 7zi.com: OK (Status 200)
2026-03-19 04:00:06 - Checking GitHub...
2026-03-19 04:00:07 - GitHub API: OK
2026-03-19 04:00:07 - Checking memory files...
2026-03-19 04:00:07 - Memory files count: 10
2026-03-19 04:00:07 - Today's log: 2 lines
2026-03-19 04:00:07 - === Health Check Complete ===
2026-03-19 06:00:01 - === Health Check Started ===
2026-03-19 06:00:02 - Checking scheduled tasks...
2026-03-19 06:00:03 - Task 'OpenClaw-Memory-Upload': Ready
2026-03-19 06:00:03 - Checking 7zi.com...
2026-03-19 06:00:05 - 7zi.com: OK (Status 200)
2026-03-19 06:00:05 - Checking GitHub...
2026-03-19 06:00:06 - GitHub API: OK
2026-03-19 06:00:06 - Checking memory files...
2026-03-19 06:00:06 - Memory files count: 10
2026-03-19 06:00:06 - Today's log: 2 lines
2026-03-19 06:00:06 - === Health Check Complete ===
2026-03-19 08:00:02 - === Health Check Started ===
2026-03-19 08:00:02 - Checking scheduled tasks...
2026-03-19 08:00:04 - Task 'OpenClaw-Memory-Upload': Running
2026-03-19 08:00:04 - Checking 7zi.com...
2026-03-19 08:00:07 - 7zi.com: OK (Status 200)
2026-03-19 08:00:07 - Checking GitHub...
2026-03-19 08:00:08 - GitHub API: OK
2026-03-19 08:00:08 - Checking memory files...
2026-03-19 08:00:08 - Memory files count: 10
2026-03-19 08:00:08 - Today's log: 2 lines
2026-03-19 08:00:08 - === Health Check Complete ===
2026-03-19 10:00:02 - === Health Check Started ===
2026-03-19 10:00:02 - Checking scheduled tasks...
2026-03-19 10:00:03 - Task 'OpenClaw-Memory-Upload': Ready
2026-03-19 10:00:03 - Checking 7zi.com...
2026-03-19 10:00:06 - 7zi.com: OK (Status 200)
2026-03-19 10:00:06 - Checking GitHub...
2026-03-19 10:00:07 - GitHub API: OK
2026-03-19 10:00:07 - Checking memory files...
2026-03-19 10:00:07 - Memory files count: 10
2026-03-19 10:00:07 - Today's log: 2 lines
2026-03-19 10:00:07 - === Health Check Complete ===
2026-03-19 12:00:03 - === Health Check Started ===
2026-03-19 12:00:03 - Checking scheduled tasks...
2026-03-19 12:00:05 - Task 'OpenClaw-Memory-Upload': Running
2026-03-19 12:00:05 - Checking 7zi.com...
2026-03-19 12:00:07 - 7zi.com: OK (Status 200)
2026-03-19 12:00:07 - Checking GitHub...
2026-03-19 12:00:07 - GitHub API: OK
2026-03-19 12:00:07 - Checking memory files...
2026-03-19 12:00:07 - Memory files count: 10
2026-03-19 12:00:07 - Today's log: 2 lines
2026-03-19 12:00:07 - === Health Check Complete ===
2026-03-19 14:00:02 - === Health Check Started ===
2026-03-19 14:00:02 - Checking scheduled tasks...
2026-03-19 14:00:03 - Task 'OpenClaw-Memory-Upload': Ready
2026-03-19 14:00:03 - Checking 7zi.com...
2026-03-19 14:00:06 - 7zi.com: OK (Status 200)
2026-03-19 14:00:06 - Checking GitHub...
2026-03-19 14:00:07 - GitHub API: OK
2026-03-19 14:00:07 - Checking memory files...
2026-03-19 14:00:07 - Memory files count: 10
2026-03-19 14:00:07 - Today's log: 2 lines
2026-03-19 14:00:07 - === Health Check Complete ===
2026-03-19 16:00:05 - === Health Check Started ===
2026-03-19 16:00:05 - Checking scheduled tasks...
2026-03-19 16:00:06 - Task 'OpenClaw-Memory-Upload': Running
2026-03-19 16:00:06 - Checking 7zi.com...
2026-03-19 16:00:10 - 7zi.com: OK (Status 200)
2026-03-19 16:00:10 - Checking GitHub...
2026-03-19 16:00:10 - GitHub API: OK
2026-03-19 16:00:10 - Checking memory files...
2026-03-19 16:00:10 - Memory files count: 10
2026-03-19 16:00:10 - Today's log: 2 lines
2026-03-19 16:00:10 - === Health Check Complete ===
2026-03-19 18:00:05 - === Health Check Started ===
2026-03-19 18:00:05 - Checking scheduled tasks...
2026-03-19 18:00:07 - Task 'OpenClaw-Memory-Upload': Ready
2026-03-19 18:00:07 - Checking 7zi.com...
2026-03-19 18:00:09 - 7zi.com: OK (Status 200)
2026-03-19 18:00:09 - Checking GitHub...
2026-03-19 18:00:10 - GitHub API: OK
2026-03-19 18:00:10 - Checking memory files...
2026-03-19 18:00:10 - Memory files count: 10
2026-03-19 18:00:10 - Today's log: 2 lines
2026-03-19 18:00:10 - === Health Check Complete ===
2026-03-19 20:00:02 - === Health Check Started ===
2026-03-19 20:00:02 - Checking scheduled tasks...
2026-03-19 20:00:04 - Task 'OpenClaw-Memory-Upload': Running
2026-03-19 20:00:04 - Checking 7zi.com...
2026-03-19 20:00:07 - 7zi.com: OK (Status 200)
2026-03-19 20:00:07 - Checking GitHub...
2026-03-19 20:00:08 - GitHub API: OK
2026-03-19 20:00:08 - Checking memory files...
2026-03-19 20:00:08 - Memory files count: 10
2026-03-19 20:00:08 - Today's log: 2 lines
2026-03-19 20:00:08 - === Health Check Complete ===
2026-03-19 22:00:02 - === Health Check Started ===
2026-03-19 22:00:02 - Checking scheduled tasks...
2026-03-19 22:00:04 - Task 'OpenClaw-Memory-Upload': Ready
2026-03-19 22:00:04 - Checking 7zi.com...
2026-03-19 22:00:07 - 7zi.com: OK (Status 200)
2026-03-19 22:00:07 - Checking GitHub...
2026-03-19 22:00:08 - GitHub API: OK
2026-03-19 22:00:08 - Checking memory files...
2026-03-19 22:00:08 - Memory files count: 10
2026-03-19 22:00:08 - Today's log: 2 lines
2026-03-19 22:00:08 - === Health Check Complete ===
2026-03-20 00:00:01 - === Health Check Started ===
2026-03-20 00:00:01 - Checking scheduled tasks...
2026-03-20 00:00:03 - Task 'OpenClaw-Memory-Upload': Running
2026-03-20 00:00:03 - Checking 7zi.com...
2026-03-20 00:00:08 - 7zi.com: OK (Status 200)
2026-03-20 00:00:08 - Checking GitHub...
2026-03-20 00:00:09 - GitHub API: OK
2026-03-20 00:00:09 - Checking memory files...
2026-03-20 00:00:09 - Memory files count: 10
2026-03-20 00:00:09 - Today's log: NOT FOUND (creating...)
2026-03-20 00:00:09 - === Health Check Complete ===
2026-03-20 02:00:01 - === Health Check Started ===
2026-03-20 02:00:01 - Checking scheduled tasks...
2026-03-20 02:00:03 - Task 'OpenClaw-Memory-Upload': Ready
2026-03-20 02:00:03 - Checking 7zi.com...
2026-03-20 02:00:05 - 7zi.com: OK (Status 200)
2026-03-20 02:00:05 - Checking GitHub...
2026-03-20 02:00:06 - GitHub API: OK
2026-03-20 02:00:06 - Checking memory files...
2026-03-20 02:00:06 - Memory files count: 11
2026-03-20 02:00:06 - Today's log: 2 lines
2026-03-20 02:00:06 - === Health Check Complete ===
2026-03-20 04:00:01 - === Health Check Started ===
2026-03-20 04:00:01 - Checking scheduled tasks...
2026-03-20 04:00:04 - Task 'OpenClaw-Memory-Upload': Running
2026-03-20 04:00:04 - Checking 7zi.com...
2026-03-20 04:00:07 - 7zi.com: OK (Status 200)
2026-03-20 04:00:07 - Checking GitHub...
2026-03-20 04:00:07 - GitHub API: OK
2026-03-20 04:00:07 - Checking memory files...
2026-03-20 04:00:07 - Memory files count: 11
2026-03-20 04:00:07 - Today's log: 2 lines
2026-03-20 04:00:07 - === Health Check Complete ===
2026-03-20 06:00:02 - === Health Check Started ===
2026-03-20 06:00:02 - Checking scheduled tasks...
2026-03-20 06:00:04 - Task 'OpenClaw-Memory-Upload': Ready
2026-03-20 06:00:04 - Checking 7zi.com...
2026-03-20 06:00:06 - 7zi.com: OK (Status 200)
2026-03-20 06:00:06 - Checking GitHub...
2026-03-20 06:00:07 - GitHub API: OK
2026-03-20 06:00:07 - Checking memory files...
2026-03-20 06:00:07 - Memory files count: 11
2026-03-20 06:00:07 - Today's log: 2 lines
2026-03-20 06:00:07 - === Health Check Complete ===
2026-03-20 08:00:01 - === Health Check Started ===
2026-03-20 08:00:01 - Checking scheduled tasks...
2026-03-20 08:00:04 - Task 'OpenClaw-Memory-Upload': Running
2026-03-20 08:00:04 - Checking 7zi.com...
2026-03-20 08:00:07 - 7zi.com: OK (Status 200)
2026-03-20 08:00:07 - Checking GitHub...
2026-03-20 08:00:07 - GitHub API: OK
2026-03-20 08:00:07 - Checking memory files...
2026-03-20 08:00:07 - Memory files count: 11
2026-03-20 08:00:07 - Today's log: 2 lines
2026-03-20 08:00:07 - === Health Check Complete ===
2026-03-20 10:00:01 - === Health Check Started ===
2026-03-20 10:00:02 - Checking scheduled tasks...
2026-03-20 10:00:03 - Task 'OpenClaw-Memory-Upload': Ready
2026-03-20 10:00:03 - Checking 7zi.com...
2026-03-20 10:00:06 - 7zi.com: OK (Status 200)
2026-03-20 10:00:06 - Checking GitHub...
2026-03-20 10:00:06 - GitHub API: OK
2026-03-20 10:00:06 - Checking memory files...
2026-03-20 10:00:06 - Memory files count: 11
2026-03-20 10:00:06 - Today's log: 2 lines
2026-03-20 10:00:06 - === Health Check Complete ===
2026-03-20 12:00:02 - === Health Check Started ===
2026-03-20 12:00:02 - Checking scheduled tasks...
2026-03-20 12:00:04 - Task 'OpenClaw-Memory-Upload': Running
2026-03-20 12:00:04 - Checking 7zi.com...
2026-03-20 12:00:08 - 7zi.com: OK (Status 200)
2026-03-20 12:00:08 - Checking GitHub...
2026-03-20 12:00:08 - GitHub API: OK
2026-03-20 12:00:08 - Checking memory files...
2026-03-20 12:00:08 - Memory files count: 11
2026-03-20 12:00:08 - Today's log: 2 lines
2026-03-20 12:00:08 - === Health Check Complete ===
2026-03-20 14:00:01 - === Health Check Started ===
2026-03-20 14:00:02 - Checking scheduled tasks...
2026-03-20 14:00:03 - Task 'OpenClaw-Memory-Upload': Ready
2026-03-20 14:00:03 - Checking 7zi.com...
2026-03-20 14:00:07 - 7zi.com: OK (Status 200)
2026-03-20 14:00:07 - Checking GitHub...
2026-03-20 14:00:07 - GitHub API: OK
2026-03-20 14:00:07 - Checking memory files...
2026-03-20 14:00:07 - Memory files count: 11
2026-03-20 14:00:07 - Today's log: 2 lines
2026-03-20 14:00:07 - === Health Check Complete ===
2026-03-20 16:00:02 - === Health Check Started ===
2026-03-20 16:00:02 - Checking scheduled tasks...
2026-03-20 16:00:04 - Task 'OpenClaw-Memory-Upload': Running
2026-03-20 16:00:04 - Checking 7zi.com...
2026-03-20 16:00:07 - 7zi.com: OK (Status 200)
2026-03-20 16:00:07 - Checking GitHub...
2026-03-20 16:00:08 - GitHub API: OK
2026-03-20 16:00:08 - Checking memory files...
2026-03-20 16:00:08 - Memory files count: 11
2026-03-20 16:00:08 - Today's log: 2 lines
2026-03-20 16:00:08 - === Health Check Complete ===
2026-03-20 18:00:04 - === Health Check Started ===
2026-03-20 18:00:04 - Checking scheduled tasks...
2026-03-20 18:00:07 - Task 'OpenClaw-Memory-Upload': Ready
2026-03-20 18:00:07 - Checking 7zi.com...
2026-03-20 18:00:09 - 7zi.com: OK (Status 200)
2026-03-20 18:00:09 - Checking GitHub...
2026-03-20 18:00:09 - GitHub API: OK
2026-03-20 18:00:09 - Checking memory files...
2026-03-20 18:00:09 - Memory files count: 11
2026-03-20 18:00:09 - Today's log: 2 lines
2026-03-20 18:00:09 - === Health Check Complete ===
2026-03-20 20:00:02 - === Health Check Started ===
2026-03-20 20:00:02 - Checking scheduled tasks...
2026-03-20 20:00:06 - Task 'OpenClaw-Memory-Upload': Running
2026-03-20 20:00:06 - Checking 7zi.com...
2026-03-20 20:00:08 - 7zi.com: OK (Status 200)
2026-03-20 20:00:08 - Checking GitHub...
2026-03-20 20:00:08 - GitHub API: OK
2026-03-20 20:00:08 - Checking memory files...
2026-03-20 20:00:08 - Memory files count: 11
2026-03-20 20:00:08 - Today's log: 2 lines
2026-03-20 20:00:08 - === Health Check Complete ===
2026-03-20 22:00:02 - === Health Check Started ===
2026-03-20 22:00:02 - Checking scheduled tasks...
2026-03-20 22:00:04 - Task 'OpenClaw-Memory-Upload': Ready
2026-03-20 22:00:04 - Checking 7zi.com...
2026-03-20 22:00:06 - 7zi.com: OK (Status 200)
2026-03-20 22:00:06 - Checking GitHub...
2026-03-20 22:00:07 - GitHub API: OK
2026-03-20 22:00:07 - Checking memory files...
2026-03-20 22:00:07 - Memory files count: 11
2026-03-20 22:00:07 - Today's log: 2 lines
2026-03-20 22:00:07 - === Health Check Complete ===
2026-03-21 00:00:02 - === Health Check Started ===
2026-03-21 00:00:02 - Checking scheduled tasks...
2026-03-21 00:00:04 - Task 'OpenClaw-Memory-Upload': Running
2026-03-21 00:00:04 - Checking 7zi.com...
2026-03-21 00:00:07 - 7zi.com: OK (Status 200)
2026-03-21 00:00:07 - Checking GitHub...
2026-03-21 00:00:07 - GitHub API: OK
2026-03-21 00:00:07 - Checking memory files...
2026-03-21 00:00:07 - Memory files count: 11
2026-03-21 00:00:07 - Today's log: NOT FOUND (creating...)
2026-03-21 00:00:07 - === Health Check Complete ===
2026-03-21 02:00:01 - === Health Check Started ===
2026-03-21 02:00:01 - Checking scheduled tasks...
2026-03-21 02:00:03 - Task 'OpenClaw-Memory-Upload': Ready
2026-03-21 02:00:03 - Checking 7zi.com...
2026-03-21 02:00:05 - 7zi.com: OK (Status 200)
2026-03-21 02:00:05 - Checking GitHub...
2026-03-21 02:00:06 - GitHub API: OK
2026-03-21 02:00:06 - Checking memory files...
2026-03-21 02:00:06 - Memory files count: 12
2026-03-21 02:00:06 - Today's log: 2 lines
2026-03-21 02:00:06 - === Health Check Complete ===
2026-03-21 04:00:02 - === Health Check Started ===
2026-03-21 04:00:02 - Checking scheduled tasks...
2026-03-21 04:00:05 - Task 'OpenClaw-Memory-Upload': Running
2026-03-21 04:00:05 - Checking 7zi.com...
2026-03-21 04:00:07 - 7zi.com: OK (Status 200)
2026-03-21 04:00:07 - Checking GitHub...
2026-03-21 04:00:07 - GitHub API: OK
2026-03-21 04:00:07 - Checking memory files...
2026-03-21 04:00:07 - Memory files count: 12
2026-03-21 04:00:07 - Today's log: 2 lines
2026-03-21 04:00:07 - === Health Check Complete ===
2026-03-21 06:00:02 - === Health Check Started ===
2026-03-21 06:00:02 - Checking scheduled tasks...
2026-03-21 06:00:03 - Task 'OpenClaw-Memory-Upload': Ready
2026-03-21 06:00:03 - Checking 7zi.com...
2026-03-21 06:00:05 - 7zi.com: OK (Status 200)
2026-03-21 06:00:05 - Checking GitHub...
2026-03-21 06:00:06 - GitHub API: OK
2026-03-21 06:00:06 - Checking memory files...
2026-03-21 06:00:06 - Memory files count: 12
2026-03-21 06:00:06 - Today's log: 2 lines
2026-03-21 06:00:06 - === Health Check Complete ===
2026-03-21 08:00:02 - === Health Check Started ===
2026-03-21 08:00:02 - Checking scheduled tasks...
2026-03-21 08:00:05 - Task 'OpenClaw-Memory-Upload': Running
2026-03-21 08:00:05 - Checking 7zi.com...
2026-03-21 08:00:07 - 7zi.com: OK (Status 200)
2026-03-21 08:00:07 - Checking GitHub...
2026-03-21 08:00:08 - GitHub API: OK
2026-03-21 08:00:08 - Checking memory files...
2026-03-21 08:00:08 - Memory files count: 12
2026-03-21 08:00:08 - Today's log: 2 lines
2026-03-21 08:00:08 - === Health Check Complete ===
2026-03-21 10:00:02 - === Health Check Started ===
2026-03-21 10:00:02 - Checking scheduled tasks...
2026-03-21 10:00:04 - Task 'OpenClaw-Memory-Upload': Ready
2026-03-21 10:00:04 - Checking 7zi.com...
2026-03-21 10:00:06 - 7zi.com: OK (Status 200)
2026-03-21 10:00:06 - Checking GitHub...
2026-03-21 10:00:06 - GitHub API: OK
2026-03-21 10:00:06 - Checking memory files...
2026-03-21 10:00:06 - Memory files count: 12
2026-03-21 10:00:06 - Today's log: 2 lines
2026-03-21 10:00:06 - === Health Check Complete ===
2026-03-21 12:00:02 - === Health Check Started ===
2026-03-21 12:00:03 - Checking scheduled tasks...
2026-03-21 12:00:06 - Task 'OpenClaw-Memory-Upload': Running
2026-03-21 12:00:06 - Checking 7zi.com...
2026-03-21 12:00:09 - 7zi.com: OK (Status 200)
2026-03-21 12:00:09 - Checking GitHub...
2026-03-21 12:00:09 - GitHub API: OK
2026-03-21 12:00:09 - Checking memory files...
2026-03-21 12:00:09 - Memory files count: 12
2026-03-21 12:00:09 - Today's log: 2 lines
2026-03-21 12:00:09 - === Health Check Complete ===
2026-03-21 14:00:02 - === Health Check Started ===
2026-03-21 14:00:02 - Checking scheduled tasks...
2026-03-21 14:00:03 - Task 'OpenClaw-Memory-Upload': Ready
2026-03-21 14:00:03 - Checking 7zi.com...
2026-03-21 14:00:06 - 7zi.com: OK (Status 200)
2026-03-21 14:00:06 - Checking GitHub...
2026-03-21 14:00:06 - GitHub API: OK
2026-03-21 14:00:06 - Checking memory files...
2026-03-21 14:00:06 - Memory files count: 12
2026-03-21 14:00:06 - Today's log: 2 lines
2026-03-21 14:00:06 - === Health Check Complete ===
2026-03-21 16:00:02 - === Health Check Started ===
2026-03-21 16:00:02 - Checking scheduled tasks...
2026-03-21 16:00:05 - Task 'OpenClaw-Memory-Upload': Running
2026-03-21 16:00:05 - Checking 7zi.com...
2026-03-21 16:00:07 - 7zi.com: OK (Status 200)
2026-03-21 16:00:07 - Checking GitHub...
2026-03-21 16:00:07 - GitHub API: OK
2026-03-21 16:00:07 - Checking memory files...
2026-03-21 16:00:07 - Memory files count: 12
2026-03-21 16:00:07 - Today's log: 2 lines
2026-03-21 16:00:07 - === Health Check Complete ===
2026-03-21 18:00:02 - === Health Check Started ===
2026-03-21 18:00:02 - Checking scheduled tasks...
2026-03-21 18:00:04 - Task 'OpenClaw-Memory-Upload': Ready
2026-03-21 18:00:04 - Checking 7zi.com...
2026-03-21 18:00:06 - 7zi.com: OK (Status 200)
2026-03-21 18:00:06 - Checking GitHub...
2026-03-21 18:00:07 - GitHub API: OK
2026-03-21 18:00:07 - Checking memory files...
2026-03-21 18:00:07 - Memory files count: 12
2026-03-21 18:00:07 - Today's log: 2 lines
2026-03-21 18:00:07 - === Health Check Complete ===
2026-03-21 20:00:02 - === Health Check Started ===
2026-03-21 20:00:02 - Checking scheduled tasks...
2026-03-21 20:00:06 - Task 'OpenClaw-Memory-Upload': Running
2026-03-21 20:00:06 - Checking 7zi.com...
2026-03-21 20:00:08 - 7zi.com: OK (Status 200)
2026-03-21 20:00:08 - Checking GitHub...
2026-03-21 20:00:08 - GitHub API: OK
2026-03-21 20:00:08 - Checking memory files...
2026-03-21 20:00:08 - Memory files count: 12
2026-03-21 20:00:09 - Today's log: 2 lines
2026-03-21 20:00:09 - === Health Check Complete ===
2026-03-21 22:00:02 - === Health Check Started ===
2026-03-21 22:00:02 - Checking scheduled tasks...
2026-03-21 22:00:03 - Task 'OpenClaw-Memory-Upload': Ready
2026-03-21 22:00:03 - Checking 7zi.com...
2026-03-21 22:00:06 - 7zi.com: OK (Status 200)
2026-03-21 22:00:06 - Checking GitHub...
2026-03-21 22:00:06 - GitHub API: OK
2026-03-21 22:00:06 - Checking memory files...
2026-03-21 22:00:06 - Memory files count: 12
2026-03-21 22:00:06 - Today's log: 2 lines
2026-03-21 22:00:06 - === Health Check Complete ===
2026-03-22 00:00:02 - === Health Check Started ===
2026-03-22 00:00:02 - Checking scheduled tasks...
2026-03-22 00:00:04 - Task 'OpenClaw-Memory-Upload': Running
2026-03-22 00:00:04 - Checking 7zi.com...
2026-03-22 00:00:06 - 7zi.com: OK (Status 200)
2026-03-22 00:00:06 - Checking GitHub...
2026-03-22 00:00:07 - GitHub API: OK
2026-03-22 00:00:07 - Checking memory files...
2026-03-22 00:00:07 - Memory files count: 12
2026-03-22 00:00:07 - Today's log: NOT FOUND (creating...)
2026-03-22 00:00:07 - === Health Check Complete ===
2026-03-22 02:00:02 - === Health Check Started ===
2026-03-22 02:00:02 - Checking scheduled tasks...
2026-03-22 02:00:04 - Task 'OpenClaw-Memory-Upload': Ready
2026-03-22 02:00:04 - Checking 7zi.com...
2026-03-22 02:00:07 - 7zi.com: OK (Status 200)
2026-03-22 02:00:07 - Checking GitHub...
2026-03-22 02:00:07 - GitHub API: OK
2026-03-22 02:00:07 - Checking memory files...
2026-03-22 02:00:07 - Memory files count: 13
2026-03-22 02:00:07 - Today's log: 2 lines
2026-03-22 02:00:07 - === Health Check Complete ===
2026-03-22 04:00:02 - === Health Check Started ===
2026-03-22 04:00:02 - Checking scheduled tasks...
2026-03-22 04:00:05 - Task 'OpenClaw-Memory-Upload': Running
2026-03-22 04:00:05 - Checking 7zi.com...
2026-03-22 04:00:07 - 7zi.com: OK (Status 200)
2026-03-22 04:00:07 - Checking GitHub...
2026-03-22 04:00:08 - GitHub API: OK
2026-03-22 04:00:08 - Checking memory files...
2026-03-22 04:00:08 - Memory files count: 13
2026-03-22 04:00:08 - Today's log: 2 lines
2026-03-22 04:00:08 - === Health Check Complete ===
2026-03-22 06:00:02 - === Health Check Started ===
2026-03-22 06:00:02 - Checking scheduled tasks...
2026-03-22 06:00:03 - Task 'OpenClaw-Memory-Upload': Ready
2026-03-22 06:00:03 - Checking 7zi.com...
2026-03-22 06:00:06 - 7zi.com: OK (Status 200)
2026-03-22 06:00:06 - Checking GitHub...
2026-03-22 06:00:06 - GitHub API: OK
2026-03-22 06:00:06 - Checking memory files...
2026-03-22 06:00:06 - Memory files count: 13
2026-03-22 06:00:06 - Today's log: 2 lines
2026-03-22 06:00:06 - === Health Check Complete ===
2026-03-22 08:00:02 - === Health Check Started ===
2026-03-22 08:00:02 - Checking scheduled tasks...
2026-03-22 08:00:05 - Task 'OpenClaw-Memory-Upload': Running
2026-03-22 08:00:05 - Checking 7zi.com...
2026-03-22 08:00:08 - 7zi.com: OK (Status 200)
2026-03-22 08:00:08 - Checking GitHub...
2026-03-22 08:00:08 - GitHub API: OK
2026-03-22 08:00:08 - Checking memory files...
2026-03-22 08:00:08 - Memory files count: 13
2026-03-22 08:00:08 - Today's log: 2 lines
2026-03-22 08:00:08 - === Health Check Complete ===
2026-03-22 10:00:02 - === Health Check Started ===
2026-03-22 10:00:02 - Checking scheduled tasks...
2026-03-22 10:00:04 - Task 'OpenClaw-Memory-Upload': Ready
2026-03-22 10:00:04 - Checking 7zi.com...
2026-03-22 10:00:06 - 7zi.com: OK (Status 200)
2026-03-22 10:00:06 - Checking GitHub...
2026-03-22 10:00:07 - GitHub API: OK
2026-03-22 10:00:07 - Checking memory files...
2026-03-22 10:00:07 - Memory files count: 13
2026-03-22 10:00:07 - Today's log: 2 lines
2026-03-22 10:00:07 - === Health Check Complete ===
